[2020-11-28 21:01:14] local.ERROR: SQLSTATE[42S01]: Base table or view already exists: 1050 Table 'users' already exists (SQL: create table `users` (`id` bigint unsigned not null auto_increment primary key, `nama_lengkap` varchar(255) not null, `username` varchar(255) not null, `email` varchar(255) not null, `email_verified_at` timestamp null, `foto` varchar(255) not null default 'blank-profile.webp', `nomer_hp` varchar(255) not null, `alamat` varchar(255) not null, `status` varchar(255) not null default 'user', `password` varchar(255) not null, `remember_token` varchar(100) null, `created_at` timestamp null, `updated_at` timestamp null) default character set utf8mb4 collate 'utf8mb4_unicode_ci' engine = InnoDB) {"exception":"[object] (Illuminate\\Database\\QueryException(code: 42S01): SQLSTATE[42S01]: Base table or view already exists: 1050 Table 'users' already exists (SQL: create table `users` (`id` bigint unsigned not null auto_increment primary key, `nama_lengkap` varchar(255) not null, `username` varchar(255) not null, `email` varchar(255) not null, `email_verified_at` timestamp null, `foto` varchar(255) not null default 'blank-profile.webp', `nomer_hp` varchar(255) not null, `alamat` varchar(255) not null, `status` varchar(255) not null default 'user', `password` varchar(255) not null, `remember_token` varchar(100) null, `created_at` timestamp null, `updated_at` timestamp null) default character set utf8mb4 collate 'utf8mb4_unicode_ci' engine = InnoDB) at /home/witsudi/LaravelProject/project-ppl/vendor/laravel/framework/src/Illuminate/Database/Connection.php:664, PDOException(code: 42S01): SQLSTATE[42S01]: Base table or view already exists: 1050 Table 'users' already exists at /home/witsudi/LaravelProject/project-ppl/vendor/laravel/framework/src/Illuminate/Database/Connection.php:458)
[stacktrace]
#0 /home/witsudi/LaravelProject/project-ppl/vendor/laravel/framework/src/Illuminate/Database/Connection.php(624): Illuminate\\Database\\Connection->runQueryCallback()
#1 /home/witsudi/LaravelProject/project-ppl/vendor/laravel/framework/src/Illuminate/Database/Connection.php(459): Illuminate\\Database\\Connection->run()
#2 /home/witsudi/LaravelProject/project-ppl/vendor/laravel/framework/src/Illuminate/Database/Schema/Blueprint.php(97): Illuminate\\Database\\Connection->statement()
#3 /home/witsudi/LaravelProject/project-ppl/vendor/laravel/framework/src/Illuminate/Database/Schema/Builder.php(278): Illuminate\\Database\\Schema\\Blueprint->build()
#4 /home/witsudi/LaravelProject/project-ppl/vendor/laravel/framework/src/Illuminate/Database/Schema/Builder.php(167): Illuminate\\Database\\Schema\\Builder->build()
#5 /home/witsudi/LaravelProject/project-ppl/vendor/laravel/framework/src/Illuminate/Support/Facades/Facade.php(239): Illuminate\\Database\\Schema\\Builder->create()
#6 /home/witsudi/LaravelProject/project-ppl/database/migrations/2014_10_12_000000_create_users_table.php(29): Illuminate\\Support\\Facades\\Facade::__callStatic()
#7 /home/witsudi/LaravelProject/project-ppl/vendor/laravel/framework/src/Illuminate/Database/Migrations/Migrator.php(387): CreateUsersTable->up()
#8 /home/witsudi/LaravelProject/project-ppl/vendor/laravel/framework/src/Illuminate/Database/Migrations/Migrator.php(396): Illuminate\\Database\\Migrations\\Migrator->Illuminate\\Database\\Migrations\\{closure}()
#9 /home/witsudi/LaravelProject/project-ppl/vendor/laravel/framework/src/Illuminate/Database/Migrations/Migrator.php(197): Illuminate\\Database\\Migrations\\Migrator->runMigration()
#10 /home/witsudi/LaravelProject/project-ppl/vendor/laravel/framework/src/Illuminate/Database/Migrations/Migrator.php(162): Illuminate\\Database\\Migrations\\Migrator->runUp()
#11 /home/witsudi/LaravelProject/project-ppl/vendor/laravel/framework/src/Illuminate/Database/Migrations/Migrator.php(109): Illuminate\\Database\\Migrations\\Migrator->runPending()
#12 /home/witsudi/LaravelProject/project-ppl/vendor/laravel/framework/src/Illuminate/Database/Console/Migrations/MigrateCommand.php(71): Illuminate\\Database\\Migrations\\Migrator->run()
#13 [internal function]: Illuminate\\Database\\Console\\Migrations\\MigrateCommand->handle()
#14 /home/witsudi/LaravelProject/project-ppl/vendor/laravel/framework/src/Illuminate/Container/BoundMethod.php(32): call_user_func_array()
#15 /home/witsudi/LaravelProject/project-ppl/vendor/laravel/framework/src/Illuminate/Container/BoundMethod.php(90): Illuminate\\Container\\BoundMethod::Illuminate\\Container\\{closure}()
#16 /home/witsudi/LaravelProject/project-ppl/vendor/laravel/framework/src/Illuminate/Container/BoundMethod.php(34): Illuminate\\Container\\BoundMethod::callBoundMethod()
#17 /home/witsudi/LaravelProject/project-ppl/vendor/laravel/framework/src/Illuminate/Container/Container.php(576): Illuminate\\Container\\BoundMethod::call()
#18 /home/witsudi/LaravelProject/project-ppl/vendor/laravel/framework/src/Illuminate/Console/Command.php(183): Illuminate\\Container\\Container->call()
#19 /home/witsudi/LaravelProject/project-ppl/vendor/symfony/console/Command/Command.php(255): Illuminate\\Console\\Command->execute()
#20 /home/witsudi/LaravelProject/project-ppl/vendor/laravel/framework/src/Illuminate/Console/Command.php(170): Symfony\\Component\\Console\\Command\\Command->run()
#21 /home/witsudi/LaravelProject/project-ppl/vendor/symfony/console/Application.php(1009): Illuminate\\Console\\Command->run()
#22 /home/witsudi/LaravelProject/project-ppl/vendor/symfony/console/Application.php(273): Symfony\\Component\\Console\\Application->doRunCommand()
#23 /home/witsudi/LaravelProject/project-ppl/vendor/symfony/console/Application.php(149): Symfony\\Component\\Console\\Application->doRun()
#24 /home/witsudi/LaravelProject/project-ppl/vendor/laravel/framework/src/Illuminate/Console/Application.php(90): Symfony\\Component\\Console\\Application->run()
#25 /home/witsudi/LaravelProject/project-ppl/vendor/laravel/framework/src/Illuminate/Foundation/Console/Kernel.php(133): Illuminate\\Console\\Application->run()
#26 /home/witsudi/LaravelProject/project-ppl/artisan(37): Illuminate\\Foundation\\Console\\Kernel->handle()
#27 {main}
"} 
[2020-11-28 21:03:19] local.ERROR: Undefined variable: status {"exception":"[object] (ErrorException(code: 0): Undefined variable: status at /home/witsudi/LaravelProject/project-ppl/database/migrations/2020_11_26_063307_create_ajuan_produk_mitra_table.php:24)
[stacktrace]
#0 /home/witsudi/LaravelProject/project-ppl/database/migrations/2020_11_26_063307_create_ajuan_produk_mitra_table.php(24): Illuminate\\Foundation\\Bootstrap\\HandleExceptions->handleError()
#1 /home/witsudi/LaravelProject/project-ppl/vendor/laravel/framework/src/Illuminate/Database/Schema/Builder.php(166): CreateAjuanProdukMitraTable->{closure}()
#2 /home/witsudi/LaravelProject/project-ppl/vendor/laravel/framework/src/Illuminate/Support/helpers.php(1124): Illuminate\\Database\\Schema\\Builder->Illuminate\\Database\\Schema\\{closure}()
#3 /home/witsudi/LaravelProject/project-ppl/vendor/laravel/framework/src/Illuminate/Database/Schema/Builder.php(167): tap()
#4 /home/witsudi/LaravelProject/project-ppl/vendor/laravel/framework/src/Illuminate/Support/Facades/Facade.php(239): Illuminate\\Database\\Schema\\Builder->create()
#5 /home/witsudi/LaravelProject/project-ppl/database/migrations/2020_11_26_063307_create_ajuan_produk_mitra_table.php(26): Illuminate\\Support\\Facades\\Facade::__callStatic()
#6 /home/witsudi/LaravelProject/project-ppl/vendor/laravel/framework/src/Illuminate/Database/Migrations/Migrator.php(387): CreateAjuanProdukMitraTable->up()
#7 /home/witsudi/LaravelProject/project-ppl/vendor/laravel/framework/src/Illuminate/Database/Migrations/Migrator.php(396): Illuminate\\Database\\Migrations\\Migrator->Illuminate\\Database\\Migrations\\{closure}()
#8 /home/witsudi/LaravelProject/project-ppl/vendor/laravel/framework/src/Illuminate/Database/Migrations/Migrator.php(197): Illuminate\\Database\\Migrations\\Migrator->runMigration()
#9 /home/witsudi/LaravelProject/project-ppl/vendor/laravel/framework/src/Illuminate/Database/Migrations/Migrator.php(162): Illuminate\\Database\\Migrations\\Migrator->runUp()
#10 /home/witsudi/LaravelProject/project-ppl/vendor/laravel/framework/src/Illuminate/Database/Migrations/Migrator.php(109): Illuminate\\Database\\Migrations\\Migrator->runPending()
#11 /home/witsudi/LaravelProject/project-ppl/vendor/laravel/framework/src/Illuminate/Database/Console/Migrations/MigrateCommand.php(71): Illuminate\\Database\\Migrations\\Migrator->run()
#12 [internal function]: Illuminate\\Database\\Console\\Migrations\\MigrateCommand->handle()
#13 /home/witsudi/LaravelProject/project-ppl/vendor/laravel/framework/src/Illuminate/Container/BoundMethod.php(32): call_user_func_array()
#14 /home/witsudi/LaravelProject/project-ppl/vendor/laravel/framework/src/Illuminate/Container/BoundMethod.php(90): Illuminate\\Container\\BoundMethod::Illuminate\\Container\\{closure}()
#15 /home/witsudi/LaravelProject/project-ppl/vendor/laravel/framework/src/Illuminate/Container/BoundMethod.php(34): Illuminate\\Container\\BoundMethod::callBoundMethod()
#16 /home/witsudi/LaravelProject/project-ppl/vendor/laravel/framework/src/Illuminate/Container/Container.php(576): Illuminate\\Container\\BoundMethod::call()
#17 /home/witsudi/LaravelProject/project-ppl/vendor/laravel/framework/src/Illuminate/Console/Command.php(183): Illuminate\\Container\\Container->call()
#18 /home/witsudi/LaravelProject/project-ppl/vendor/symfony/console/Command/Command.php(255): Illuminate\\Console\\Command->execute()
#19 /home/witsudi/LaravelProject/project-ppl/vendor/laravel/framework/src/Illuminate/Console/Command.php(170): Symfony\\Component\\Console\\Command\\Command->run()
#20 /home/witsudi/LaravelProject/project-ppl/vendor/symfony/console/Application.php(1009): Illuminate\\Console\\Command->run()
#21 /home/witsudi/LaravelProject/project-ppl/vendor/symfony/console/Application.php(273): Symfony\\Component\\Console\\Application->doRunCommand()
#22 /home/witsudi/LaravelProject/project-ppl/vendor/symfony/console/Application.php(149): Symfony\\Component\\Console\\Application->doRun()
#23 /home/witsudi/LaravelProject/project-ppl/vendor/laravel/framework/src/Illuminate/Console/Application.php(90): Symfony\\Component\\Console\\Application->run()
#24 /home/witsudi/LaravelProject/project-ppl/vendor/laravel/framework/src/Illuminate/Foundation/Console/Kernel.php(133): Illuminate\\Console\\Application->run()
#25 /home/witsudi/LaravelProject/project-ppl/artisan(37): Illuminate\\Foundation\\Console\\Kernel->handle()
#26 {main}
"} 
[2020-11-28 21:03:56] local.ERROR: SQLSTATE[42000]: Syntax error or access violation: 1064 You have an error in your SQL syntax; check the manual that corresponds to your MySQL server version for the right syntax to use near 'unsigned not null, `status` varchar(255) not null default 'Menunggu', `created_a' at line 1 (SQL: create table `ajuan_produk_mitra` (`id` bigint unsigned not null auto_increment primary key, `nama_produk` varchar(255) not null, `berat_produk` varchar(255) not null, `foto_produk` varchar(255) not null, `deskripsi_produk` varchar(255) not null, `user_id` varchar(255) unsigned not null, `status` varchar(255) not null default 'Menunggu', `created_at` timestamp null, `updated_at` timestamp null) default character set utf8mb4 collate 'utf8mb4_unicode_ci' engine = InnoDB) {"exception":"[object] (Illuminate\\Database\\QueryException(code: 42000): SQLSTATE[42000]: Syntax error or access violation: 1064 You have an error in your SQL syntax; check the manual that corresponds to your MySQL server version for the right syntax to use near 'unsigned not null, `status` varchar(255) not null default 'Menunggu', `created_a' at line 1 (SQL: create table `ajuan_produk_mitra` (`id` bigint unsigned not null auto_increment primary key, `nama_produk` varchar(255) not null, `berat_produk` varchar(255) not null, `foto_produk` varchar(255) not null, `deskripsi_produk` varchar(255) not null, `user_id` varchar(255) unsigned not null, `status` varchar(255) not null default 'Menunggu', `created_at` timestamp null, `updated_at` timestamp null) default character set utf8mb4 collate 'utf8mb4_unicode_ci' engine = InnoDB) at /home/witsudi/LaravelProject/project-ppl/vendor/laravel/framework/src/Illuminate/Database/Connection.php:664, PDOException(code: 42000): SQLSTATE[42000]: Syntax error or access violation: 1064 You have an error in your SQL syntax; check the manual that corresponds to your MySQL server version for the right syntax to use near 'unsigned not null, `status` varchar(255) not null default 'Menunggu', `created_a' at line 1 at /home/witsudi/LaravelProject/project-ppl/vendor/laravel/framework/src/Illuminate/Database/Connection.php:452)
[stacktrace]
#0 /home/witsudi/LaravelProject/project-ppl/vendor/laravel/framework/src/Illuminate/Database/Connection.php(624): Illuminate\\Database\\Connection->runQueryCallback()
#1 /home/witsudi/LaravelProject/project-ppl/vendor/laravel/framework/src/Illuminate/Database/Connection.php(459): Illuminate\\Database\\Connection->run()
#2 /home/witsudi/LaravelProject/project-ppl/vendor/laravel/framework/src/Illuminate/Database/Schema/Blueprint.php(97): Illuminate\\Database\\Connection->statement()
#3 /home/witsudi/LaravelProject/project-ppl/vendor/laravel/framework/src/Illuminate/Database/Schema/Builder.php(278): Illuminate\\Database\\Schema\\Blueprint->build()
#4 /home/witsudi/LaravelProject/project-ppl/vendor/laravel/framework/src/Illuminate/Database/Schema/Builder.php(167): Illuminate\\Database\\Schema\\Builder->build()
#5 /home/witsudi/LaravelProject/project-ppl/vendor/laravel/framework/src/Illuminate/Support/Facades/Facade.php(239): Illuminate\\Database\\Schema\\Builder->create()
#6 /home/witsudi/LaravelProject/project-ppl/database/migrations/2020_11_26_063307_create_ajuan_produk_mitra_table.php(26): Illuminate\\Support\\Facades\\Facade::__callStatic()
#7 /home/witsudi/LaravelProject/project-ppl/vendor/laravel/framework/src/Illuminate/Database/Migrations/Migrator.php(387): CreateAjuanProdukMitraTable->up()
#8 /home/witsudi/LaravelProject/project-ppl/vendor/laravel/framework/src/Illuminate/Database/Migrations/Migrator.php(396): Illuminate\\Database\\Migrations\\Migrator->Illuminate\\Database\\Migrations\\{closure}()
#9 /home/witsudi/LaravelProject/project-ppl/vendor/laravel/framework/src/Illuminate/Database/Migrations/Migrator.php(197): Illuminate\\Database\\Migrations\\Migrator->runMigration()
#10 /home/witsudi/LaravelProject/project-ppl/vendor/laravel/framework/src/Illuminate/Database/Migrations/Migrator.php(162): Illuminate\\Database\\Migrations\\Migrator->runUp()
#11 /home/witsudi/LaravelProject/project-ppl/vendor/laravel/framework/src/Illuminate/Database/Migrations/Migrator.php(109): Illuminate\\Database\\Migrations\\Migrator->runPending()
#12 /home/witsudi/LaravelProject/project-ppl/vendor/laravel/framework/src/Illuminate/Database/Console/Migrations/MigrateCommand.php(71): Illuminate\\Database\\Migrations\\Migrator->run()
#13 [internal function]: Illuminate\\Database\\Console\\Migrations\\MigrateCommand->handle()
#14 /home/witsudi/LaravelProject/project-ppl/vendor/laravel/framework/src/Illuminate/Container/BoundMethod.php(32): call_user_func_array()
#15 /home/witsudi/LaravelProject/project-ppl/vendor/laravel/framework/src/Illuminate/Container/BoundMethod.php(90): Illuminate\\Container\\BoundMethod::Illuminate\\Container\\{closure}()
#16 /home/witsudi/LaravelProject/project-ppl/vendor/laravel/framework/src/Illuminate/Container/BoundMethod.php(34): Illuminate\\Container\\BoundMethod::callBoundMethod()
#17 /home/witsudi/LaravelProject/project-ppl/vendor/laravel/framework/src/Illuminate/Container/Container.php(576): Illuminate\\Container\\BoundMethod::call()
#18 /home/witsudi/LaravelProject/project-ppl/vendor/laravel/framework/src/Illuminate/Console/Command.php(183): Illuminate\\Container\\Container->call()
#19 /home/witsudi/LaravelProject/project-ppl/vendor/symfony/console/Command/Command.php(255): Illuminate\\Console\\Command->execute()
#20 /home/witsudi/LaravelProject/project-ppl/vendor/laravel/framework/src/Illuminate/Console/Command.php(170): Symfony\\Component\\Console\\Command\\Command->run()
#21 /home/witsudi/LaravelProject/project-ppl/vendor/symfony/console/Application.php(1009): Illuminate\\Console\\Command->run()
#22 /home/witsudi/LaravelProject/project-ppl/vendor/symfony/console/Application.php(273): Symfony\\Component\\Console\\Application->doRunCommand()
#23 /home/witsudi/LaravelProject/project-ppl/vendor/symfony/console/Application.php(149): Symfony\\Component\\Console\\Application->doRun()
#24 /home/witsudi/LaravelProject/project-ppl/vendor/laravel/framework/src/Illuminate/Console/Application.php(90): Symfony\\Component\\Console\\Application->run()
#25 /home/witsudi/LaravelProject/project-ppl/vendor/laravel/framework/src/Illuminate/Foundation/Console/Kernel.php(133): Illuminate\\Console\\Application->run()
#26 /home/witsudi/LaravelProject/project-ppl/artisan(37): Illuminate\\Foundation\\Console\\Kernel->handle()
#27 {main}
"} 
[2020-11-28 21:11:12] local.ERROR: Route [ajukan_produk] not defined. (View: /home/witsudi/LaravelProject/project-ppl/resources/views/ajuanproduk.blade.php) {"userId":2,"exception":"[object] (ErrorException(code: 0): Route [ajukan_produk] not defined. (View: /home/witsudi/LaravelProject/project-ppl/resources/views/ajuanproduk.blade.php) at /home/witsudi/LaravelProject/project-ppl/vendor/laravel/framework/src/Illuminate/Routing/UrlGenerator.php:388, InvalidArgumentException(code: 0): Route [ajukan_produk] not defined. at /home/witsudi/LaravelProject/project-ppl/vendor/laravel/framework/src/Illuminate/Routing/UrlGenerator.php:388)
[stacktrace]
#0 /home/witsudi/LaravelProject/project-ppl/vendor/laravel/framework/src/Illuminate/View/Engines/PhpEngine.php(45): Illuminate\\View\\Engines\\CompilerEngine->handleViewException()
#1 /home/witsudi/LaravelProject/project-ppl/vendor/laravel/framework/src/Illuminate/View/Engines/CompilerEngine.php(59): Illuminate\\View\\Engines\\PhpEngine->evaluatePath()
#2 /home/witsudi/LaravelProject/project-ppl/vendor/laravel/framework/src/Illuminate/View/View.php(142): Illuminate\\View\\Engines\\CompilerEngine->get()
#3 /home/witsudi/LaravelProject/project-ppl/vendor/laravel/framework/src/Illuminate/View/View.php(125): Illuminate\\View\\View->getContents()
#4 /home/witsudi/LaravelProject/project-ppl/vendor/laravel/framework/src/Illuminate/View/View.php(90): Illuminate\\View\\View->renderContents()
#5 /home/witsudi/LaravelProject/project-ppl/vendor/laravel/framework/src/Illuminate/Http/Response.php(42): Illuminate\\View\\View->render()
#6 /home/witsudi/LaravelProject/project-ppl/vendor/symfony/http-foundation/Response.php(205): Illuminate\\Http\\Response->setContent()
#7 /home/witsudi/LaravelProject/project-ppl/vendor/laravel/framework/src/Illuminate/Routing/Router.php(748): Symfony\\Component\\HttpFoundation\\Response->__construct()
#8 /home/witsudi/LaravelProject/project-ppl/vendor/laravel/framework/src/Illuminate/Routing/Router.php(720): Illuminate\\Routing\\Router::toResponse()
#9 /home/witsudi/LaravelProject/project-ppl/vendor/laravel/framework/src/Illuminate/Routing/Router.php(680): Illuminate\\Routing\\Router->prepareResponse()
#10 /home/witsudi/LaravelProject/project-ppl/vendor/laravel/framework/src/Illuminate/Routing/Pipeline.php(30): Illuminate\\Routing\\Router->Illuminate\\Routing\\{closure}()
#11 /home/witsudi/LaravelProject/project-ppl/vendor/laravel/framework/src/Illuminate/Routing/Middleware/SubstituteBindings.php(41): Illuminate\\Routing\\Pipeline->Illuminate\\Routing\\{closure}()
#12 /home/witsudi/LaravelProject/project-ppl/vendor/laravel/framework/src/Illuminate/Pipeline/Pipeline.php(163): Illuminate\\Routing\\Middleware\\SubstituteBindings->handle()
#13 /home/witsudi/LaravelProject/project-ppl/vendor/laravel/framework/src/Illuminate/Routing/Pipeline.php(53): Illuminate\\Pipeline\\Pipeline->Illuminate\\Pipeline\\{closure}()
#14 /home/witsudi/LaravelProject/project-ppl/vendor/laravel/framework/src/Illuminate/Foundation/Http/Middleware/VerifyCsrfToken.php(75): Illuminate\\Routing\\Pipeline->Illuminate\\Routing\\{closure}()
#15 /home/witsudi/LaravelProject/project-ppl/vendor/laravel/framework/src/Illuminate/Pipeline/Pipeline.php(163): Illuminate\\Foundation\\Http\\Middleware\\VerifyCsrfToken->handle()
#16 /home/witsudi/LaravelProject/project-ppl/vendor/laravel/framework/src/Illuminate/Routing/Pipeline.php(53): Illuminate\\Pipeline\\Pipeline->Illuminate\\Pipeline\\{closure}()
#17 /home/witsudi/LaravelProject/project-ppl/vendor/laravel/framework/src/Illuminate/View/Middleware/ShareErrorsFromSession.php(49): Illuminate\\Routing\\Pipeline->Illuminate\\Routing\\{closure}()
#18 /home/witsudi/LaravelProject/project-ppl/vendor/laravel/framework/src/Illuminate/Pipeline/Pipeline.php(163): Illuminate\\View\\Middleware\\ShareErrorsFromSession->handle()
#19 /home/witsudi/LaravelProject/project-ppl/vendor/laravel/framework/src/Illuminate/Routing/Pipeline.php(53): Illuminate\\Pipeline\\Pipeline->Illuminate\\Pipeline\\{closure}()
#20 /home/witsudi/LaravelProject/project-ppl/vendor/laravel/framework/src/Illuminate/Session/Middleware/StartSession.php(56): Illuminate\\Routing\\Pipeline->Illuminate\\Routing\\{closure}()
#21 /home/witsudi/LaravelProject/project-ppl/vendor/laravel/framework/src/Illuminate/Pipeline/Pipeline.php(163): Illuminate\\Session\\Middleware\\StartSession->handle()
#22 /home/witsudi/LaravelProject/project-ppl/vendor/laravel/framework/src/Illuminate/Routing/Pipeline.php(53): Illuminate\\Pipeline\\Pipeline->Illuminate\\Pipeline\\{closure}()
#23 /home/witsudi/LaravelProject/project-ppl/vendor/laravel/framework/src/Illuminate/Cookie/Middleware/AddQueuedCookiesToResponse.php(37): Illuminate\\Routing\\Pipeline->Illuminate\\Routing\\{closure}()
#24 /home/witsudi/LaravelProject/project-ppl/vendor/laravel/framework/src/Illuminate/Pipeline/Pipeline.php(163): Illuminate\\Cookie\\Middleware\\AddQueuedCookiesToResponse->handle()
#25 /home/witsudi/LaravelProject/project-ppl/vendor/laravel/framework/src/Illuminate/Routing/Pipeline.php(53): Illuminate\\Pipeline\\Pipeline->Illuminate\\Pipeline\\{closure}()
#26 /home/witsudi/LaravelProject/project-ppl/vendor/laravel/framework/src/Illuminate/Cookie/Middleware/EncryptCookies.php(66): Illuminate\\Routing\\Pipeline->Illuminate\\Routing\\{closure}()
#27 /home/witsudi/LaravelProject/project-ppl/vendor/laravel/framework/src/Illuminate/Pipeline/Pipeline.php(163): Illuminate\\Cookie\\Middleware\\EncryptCookies->handle()
#28 /home/witsudi/LaravelProject/project-ppl/vendor/laravel/framework/src/Illuminate/Routing/Pipeline.php(53): Illuminate\\Pipeline\\Pipeline->Illuminate\\Pipeline\\{closure}()
#29 /home/witsudi/LaravelProject/project-ppl/vendor/laravel/framework/src/Illuminate/Pipeline/Pipeline.php(104): Illuminate\\Routing\\Pipeline->Illuminate\\Routing\\{closure}()
#30 /home/witsudi/LaravelProject/project-ppl/vendor/laravel/framework/src/Illuminate/Routing/Router.php(682): Illuminate\\Pipeline\\Pipeline->then()
#31 /home/witsudi/LaravelProject/project-ppl/vendor/laravel/framework/src/Illuminate/Routing/Router.php(657): Illuminate\\Routing\\Router->runRouteWithinStack()
#32 /home/witsudi/LaravelProject/project-ppl/vendor/laravel/framework/src/Illuminate/Routing/Router.php(623): Illuminate\\Routing\\Router->runRoute()
#33 /home/witsudi/LaravelProject/project-ppl/vendor/laravel/framework/src/Illuminate/Routing/Router.php(612): Illuminate\\Routing\\Router->dispatchToRoute()
#34 /home/witsudi/LaravelProject/project-ppl/vendor/laravel/framework/src/Illuminate/Foundation/Http/Kernel.php(176): Illuminate\\Routing\\Router->dispatch()
#35 /home/witsudi/LaravelProject/project-ppl/vendor/laravel/framework/src/Illuminate/Routing/Pipeline.php(30): Illuminate\\Foundation\\Http\\Kernel->Illuminate\\Foundation\\Http\\{closure}()
#36 /home/witsudi/LaravelProject/project-ppl/vendor/laravel/framework/src/Illuminate/Foundation/Http/Middleware/TransformsRequest.php(21): Illuminate\\Routing\\Pipeline->Illuminate\\Routing\\{closure}()
#37 /home/witsudi/LaravelProject/project-ppl/vendor/laravel/framework/src/Illuminate/Pipeline/Pipeline.php(163): Illuminate\\Foundation\\Http\\Middleware\\TransformsRequest->handle()
#38 /home/witsudi/LaravelProject/project-ppl/vendor/laravel/framework/src/Illuminate/Routing/Pipeline.php(53): Illuminate\\Pipeline\\Pipeline->Illuminate\\Pipeline\\{closure}()
#39 /home/witsudi/LaravelProject/project-ppl/vendor/laravel/framework/src/Illuminate/Foundation/Http/Middleware/TransformsRequest.php(21): Illuminate\\Routing\\Pipeline->Illuminate\\Routing\\{closure}()
#40 /home/witsudi/LaravelProject/project-ppl/vendor/laravel/framework/src/Illuminate/Pipeline/Pipeline.php(163): Illuminate\\Foundation\\Http\\Middleware\\TransformsRequest->handle()
#41 /home/witsudi/LaravelProject/project-ppl/vendor/laravel/framework/src/Illuminate/Routing/Pipeline.php(53): Illuminate\\Pipeline\\Pipeline->Illuminate\\Pipeline\\{closure}()
#42 /home/witsudi/LaravelProject/project-ppl/vendor/laravel/framework/src/Illuminate/Foundation/Http/Middleware/ValidatePostSize.php(27): Illuminate\\Routing\\Pipeline->Illuminate\\Routing\\{closure}()
#43 /home/witsudi/LaravelProject/project-ppl/vendor/laravel/framework/src/Illuminate/Pipeline/Pipeline.php(163): Illuminate\\Foundation\\Http\\Middleware\\ValidatePostSize->handle()
#44 /home/witsudi/LaravelProject/project-ppl/vendor/laravel/framework/src/Illuminate/Routing/Pipeline.php(53): Illuminate\\Pipeline\\Pipeline->Illuminate\\Pipeline\\{closure}()
#45 /home/witsudi/LaravelProject/project-ppl/vendor/laravel/framework/src/Illuminate/Foundation/Http/Middleware/CheckForMaintenanceMode.php(62): Illuminate\\Routing\\Pipeline->Illuminate\\Routing\\{closure}()
#46 /home/witsudi/LaravelProject/project-ppl/vendor/laravel/framework/src/Illuminate/Pipeline/Pipeline.php(163): Illuminate\\Foundation\\Http\\Middleware\\CheckForMaintenanceMode->handle()
#47 /home/witsudi/LaravelProject/project-ppl/vendor/laravel/framework/src/Illuminate/Routing/Pipeline.php(53): Illuminate\\Pipeline\\Pipeline->Illuminate\\Pipeline\\{closure}()
#48 /home/witsudi/LaravelProject/project-ppl/vendor/fideloper/proxy/src/TrustProxies.php(57): Illuminate\\Routing\\Pipeline->Illuminate\\Routing\\{closure}()
#49 /home/witsudi/LaravelProject/project-ppl/vendor/laravel/framework/src/Illuminate/Pipeline/Pipeline.php(163): Fideloper\\Proxy\\TrustProxies->handle()
#50 /home/witsudi/LaravelProject/project-ppl/vendor/laravel/framework/src/Illuminate/Routing/Pipeline.php(53): Illuminate\\Pipeline\\Pipeline->Illuminate\\Pipeline\\{closure}()
#51 /home/witsudi/LaravelProject/project-ppl/vendor/laravel/framework/src/Illuminate/Pipeline/Pipeline.php(104): Illuminate\\Routing\\Pipeline->Illuminate\\Routing\\{closure}()
#52 /home/witsudi/LaravelProject/project-ppl/vendor/laravel/framework/src/Illuminate/Foundation/Http/Kernel.php(151): Illuminate\\Pipeline\\Pipeline->then()
#53 /home/witsudi/LaravelProject/project-ppl/vendor/laravel/framework/src/Illuminate/Foundation/Http/Kernel.php(116): Illuminate\\Foundation\\Http\\Kernel->sendRequestThroughRouter()
#54 /home/witsudi/LaravelProject/project-ppl/public/index.php(55): Illuminate\\Foundation\\Http\\Kernel->handle()
#55 /home/witsudi/LaravelProject/project-ppl/server.php(21): require_once('/home/witsudi/L...')
#56 {main}
"} 
